<?xml version="1.0" encoding="UTF-8"?>
<robot generator="Robot 3.1.2 (Python 3.8.2 on win32)" generated="20201203 14:15:48.033" rpa="false">
<suite id="s1" name="Testcase Header" source="D:\Automation Testing\Exercise\Git\cicd_local_test\Pixelz_robot\testcase\testcase_header.robot">
<test id="s1-t1" name="PX_00062 - Check display when set website resolution: 800x700">
<kw name="[Keyword] - Open browser and access to homepage" library="keyword_browser" type="setup">
<kw name="[Common] - Open Chrome Browser with mode" library="web_common">
<arguments>
<arg>${url}</arg>
</arguments>
<kw name="Convert To Lowercase" library="String">
<doc>Converts string to lowercase.</doc>
<arguments>
<arg>${browser}</arg>
</arguments>
<assign>
<var>${browser}</var>
</assign>
<msg timestamp="20201203 14:15:48.204" level="INFO">${browser} = chrome</msg>
<status status="PASS" starttime="20201203 14:15:48.204" endtime="20201203 14:15:48.204"></status>
</kw>
<kw name="Convert To Boolean" library="BuiltIn">
<doc>Converts the given item to Boolean true or false.</doc>
<arguments>
<arg>true</arg>
</arguments>
<assign>
<var>${true}</var>
</assign>
<msg timestamp="20201203 14:15:48.205" level="INFO">${true} = True</msg>
<status status="PASS" starttime="20201203 14:15:48.205" endtime="20201203 14:15:48.205"></status>
</kw>
<kw name="Create List" library="BuiltIn">
<doc>Returns a list containing given items.</doc>
<arguments>
<arg>--no-sandbox</arg>
<arg>--headless</arg>
<arg>--ignore-certificate-errors</arg>
<arg>--disable-web-security</arg>
<arg>--disable-impl-side-painting</arg>
<arg>--enable-features=NetworkService,NetworkServiceInProcess</arg>
</arguments>
<assign>
<var>${list_options}</var>
</assign>
<msg timestamp="20201203 14:15:48.205" level="INFO">${list_options} = ['--no-sandbox', '--headless', '--ignore-certificate-errors', '--disable-web-security', '--disable-impl-side-painting', '--enable-features=NetworkService,NetworkServiceInProcess']</msg>
<status status="PASS" starttime="20201203 14:15:48.205" endtime="20201203 14:15:48.205"></status>
</kw>
<kw name="Create Dictionary" library="BuiltIn">
<doc>Creates and returns a dictionary based on the given ``items``.</doc>
<arguments>
<arg>args=${list_options}</arg>
</arguments>
<assign>
<var>${args}</var>
</assign>
<msg timestamp="20201203 14:15:48.206" level="INFO">${args} = {'args': ['--no-sandbox', '--headless', '--ignore-certificate-errors', '--disable-web-security', '--disable-impl-side-painting', '--enable-features=NetworkService,NetworkServiceInProcess']}</msg>
<status status="PASS" starttime="20201203 14:15:48.205" endtime="20201203 14:15:48.206"></status>
</kw>
<kw name="Create Dictionary" library="BuiltIn">
<doc>Creates and returns a dictionary based on the given ``items``.</doc>
<arguments>
<arg>acceptSslCerts=${true}</arg>
<arg>acceptInsecureCerts=${true}</arg>
<arg>ignore-certificate-errors=${true}</arg>
<arg>chromeOptions=${args}</arg>
</arguments>
<assign>
<var>${desired_capabilities}</var>
</assign>
<msg timestamp="20201203 14:15:48.206" level="INFO">${desired_capabilities} = {'acceptSslCerts': True, 'acceptInsecureCerts': True, 'ignore-certificate-errors': True, 'chromeOptions': {'args': ['--no-sandbox', '--headless', '--ignore-certificate-errors', '--disable-web-security...</msg>
<status status="PASS" starttime="20201203 14:15:48.206" endtime="20201203 14:15:48.206"></status>
</kw>
<kw name="Run Keyword If" library="BuiltIn">
<doc>Runs the given keyword with the given arguments, if ``condition`` is true.</doc>
<arguments>
<arg>'${browser}' == 'chrome'</arg>
<arg>Run Keywords</arg>
<arg>Open Browser</arg>
<arg>${url}</arg>
<arg>${browser}</arg>
<arg>AND</arg>
<arg>[Common] - Maximize browser size to fit screen</arg>
<arg>ELSE IF</arg>
<arg>'${browser}' == 'headlesschrome'</arg>
<arg>Run keywords</arg>
<arg>Open Browser</arg>
<arg>${url}</arg>
<arg>${browser}</arg>
<arg>desired_capabilities=${desired_capabilities}</arg>
<arg>AND</arg>
<arg>[Common] - Maximize browser size to fit screen</arg>
<arg>ELSE</arg>
<arg>should be true</arg>
<arg>${FALSE}</arg>
</arguments>
<kw name="Run Keywords" library="BuiltIn">
<doc>Executes all the given keywords in a sequence.</doc>
<arguments>
<arg>Open Browser</arg>
<arg>${url}</arg>
<arg>${browser}</arg>
<arg>AND</arg>
<arg>[Common] - Maximize browser size to fit screen</arg>
</arguments>
<kw name="Open Browser" library="SeleniumLibrary">
<doc>Opens a new browser instance to the optional ``url``.</doc>
<arguments>
<arg>${url}</arg>
<arg>${browser}</arg>
</arguments>
<msg timestamp="20201203 14:15:48.207" level="INFO">Opening browser 'chrome' to base url 'https://www.pixelz.com/'.</msg>
<status status="PASS" starttime="20201203 14:15:48.207" endtime="20201203 14:15:52.829"></status>
</kw>
<kw name="[Common] - Maximize browser size to fit screen" library="web_common">
<kw name="Set Window Position" library="SeleniumLibrary">
<doc>Sets window position using ``x`` and ``y`` coordinates.</doc>
<arguments>
<arg>0</arg>
<arg>0</arg>
</arguments>
<status status="PASS" starttime="20201203 14:15:52.830" endtime="20201203 14:15:54.955"></status>
</kw>
<kw name="Set Window Size" library="SeleniumLibrary">
<doc>Sets current windows size to given ``width`` and ``height``.</doc>
<arguments>
<arg>1920</arg>
<arg>1080</arg>
</arguments>
<status status="PASS" starttime="20201203 14:15:54.955" endtime="20201203 14:15:55.085"></status>
</kw>
<status status="PASS" starttime="20201203 14:15:52.829" endtime="20201203 14:15:55.085"></status>
</kw>
<status status="PASS" starttime="20201203 14:15:48.207" endtime="20201203 14:15:55.085"></status>
</kw>
<status status="PASS" starttime="20201203 14:15:48.206" endtime="20201203 14:15:55.085"></status>
</kw>
<status status="PASS" starttime="20201203 14:15:48.204" endtime="20201203 14:15:55.085"></status>
</kw>
<kw name="Sleep" library="BuiltIn">
<doc>Pauses the test executed for the given time.</doc>
<arguments>
<arg>2</arg>
</arguments>
<msg timestamp="20201203 14:15:57.086" level="INFO">Slept 2 seconds</msg>
<status status="PASS" starttime="20201203 14:15:55.085" endtime="20201203 14:15:57.086"></status>
</kw>
<kw name="Click Element" library="SeleniumLibrary">
<doc>Click the element identified by ``locator``.</doc>
<arguments>
<arg>${accept_cookie}</arg>
</arguments>
<msg timestamp="20201203 14:15:57.087" level="INFO">Clicking element '//a[@id='hs-eu-confirmation-button']'.</msg>
<status status="PASS" starttime="20201203 14:15:57.086" endtime="20201203 14:15:57.218"></status>
</kw>
<kw name="Sleep" library="BuiltIn">
<doc>Pauses the test executed for the given time.</doc>
<arguments>
<arg>2</arg>
</arguments>
<msg timestamp="20201203 14:15:59.218" level="INFO">Slept 2 seconds</msg>
<status status="PASS" starttime="20201203 14:15:57.218" endtime="20201203 14:15:59.218"></status>
</kw>
<kw name="[Common] - Click element" library="web_common">
<arguments>
<arg>${btn_dismiss}</arg>
</arguments>
<kw name="Wait Until Keyword Succeeds" library="BuiltIn">
<doc>Runs the specified keyword and retries if it fails.</doc>
<arguments>
<arg>5s</arg>
<arg>1s</arg>
<arg>Wait Until Element Is Visible</arg>
<arg>${element_loc}</arg>
<arg>timeout=10s</arg>
<arg>error=Could not find ${element_loc} element.</arg>
</arguments>
<kw name="Wait Until Element Is Visible" library="SeleniumLibrary">
<doc>Waits until the element ``locator`` is visible.</doc>
<arguments>
<arg>${element_loc}</arg>
<arg>timeout=10s</arg>
<arg>error=Could not find ${element_loc} element.</arg>
</arguments>
<status status="PASS" starttime="20201203 14:15:59.218" endtime="20201203 14:15:59.243"></status>
</kw>
<status status="PASS" starttime="20201203 14:15:59.218" endtime="20201203 14:15:59.243"></status>
</kw>
<kw name="Click Element" library="SeleniumLibrary">
<doc>Click the element identified by ``locator``.</doc>
<arguments>
<arg>${element_loc}</arg>
</arguments>
<msg timestamp="20201203 14:15:59.243" level="INFO">Clicking element '//i[@title='Dismiss']'.</msg>
<status status="PASS" starttime="20201203 14:15:59.243" endtime="20201203 14:15:59.274"></status>
</kw>
<status status="PASS" starttime="20201203 14:15:59.218" endtime="20201203 14:15:59.274"></status>
</kw>
<kw name="Sleep" library="BuiltIn">
<doc>Pauses the test executed for the given time.</doc>
<arguments>
<arg>2</arg>
</arguments>
<msg timestamp="20201203 14:16:01.275" level="INFO">Slept 2 seconds</msg>
<status status="PASS" starttime="20201203 14:15:59.274" endtime="20201203 14:16:01.275"></status>
</kw>
<kw name="[Common] - Mouse over element" library="web_common">
<arguments>
<arg>${location}</arg>
</arguments>
<kw name="Wait Until Keyword Succeeds" library="BuiltIn">
<doc>Runs the specified keyword and retries if it fails.</doc>
<arguments>
<arg>5s</arg>
<arg>1s</arg>
<arg>Wait Until Element Is Visible</arg>
<arg>${element_loc}</arg>
<arg>timeout=20s</arg>
<arg>error=Could not find ${element_loc} element.</arg>
</arguments>
<kw name="Wait Until Element Is Visible" library="SeleniumLibrary">
<doc>Waits until the element ``locator`` is visible.</doc>
<arguments>
<arg>${element_loc}</arg>
<arg>timeout=20s</arg>
<arg>error=Could not find ${element_loc} element.</arg>
</arguments>
<status status="PASS" starttime="20201203 14:16:01.275" endtime="20201203 14:16:01.296"></status>
</kw>
<status status="PASS" starttime="20201203 14:16:01.275" endtime="20201203 14:16:01.296"></status>
</kw>
<kw name="Mouse Over" library="SeleniumLibrary">
<doc>Simulates hovering the mouse over the element ``locator``.</doc>
<arguments>
<arg>${element_loc}</arg>
</arguments>
<msg timestamp="20201203 14:16:01.297" level="INFO">Simulating Mouse Over on element '//a[contains(.,'Location')]'.</msg>
<status status="PASS" starttime="20201203 14:16:01.296" endtime="20201203 14:16:01.571"></status>
</kw>
<status status="PASS" starttime="20201203 14:16:01.275" endtime="20201203 14:16:01.571"></status>
</kw>
<kw name="Sleep" library="BuiltIn">
<doc>Pauses the test executed for the given time.</doc>
<arguments>
<arg>2</arg>
</arguments>
<msg timestamp="20201203 14:16:03.573" level="INFO">Slept 2 seconds</msg>
<status status="PASS" starttime="20201203 14:16:01.571" endtime="20201203 14:16:03.573"></status>
</kw>
<kw name="[Common] - Click element" library="web_common">
<arguments>
<arg>${location_brasil}</arg>
</arguments>
<kw name="Wait Until Keyword Succeeds" library="BuiltIn">
<doc>Runs the specified keyword and retries if it fails.</doc>
<arguments>
<arg>5s</arg>
<arg>1s</arg>
<arg>Wait Until Element Is Visible</arg>
<arg>${element_loc}</arg>
<arg>timeout=10s</arg>
<arg>error=Could not find ${element_loc} element.</arg>
</arguments>
<kw name="Wait Until Element Is Visible" library="SeleniumLibrary">
<doc>Waits until the element ``locator`` is visible.</doc>
<arguments>
<arg>${element_loc}</arg>
<arg>timeout=10s</arg>
<arg>error=Could not find ${element_loc} element.</arg>
</arguments>
<status status="PASS" starttime="20201203 14:16:03.575" endtime="20201203 14:16:03.636"></status>
</kw>
<status status="PASS" starttime="20201203 14:16:03.574" endtime="20201203 14:16:03.636"></status>
</kw>
<kw name="Click Element" library="SeleniumLibrary">
<doc>Click the element identified by ``locator``.</doc>
<arguments>
<arg>${element_loc}</arg>
</arguments>
<msg timestamp="20201203 14:16:03.637" level="INFO">Clicking element '//a[contains(.,'Brasil')]'.</msg>
<status status="PASS" starttime="20201203 14:16:03.636" endtime="20201203 14:16:06.980"></status>
</kw>
<status status="PASS" starttime="20201203 14:16:03.573" endtime="20201203 14:16:06.980"></status>
</kw>
<kw name="Sleep" library="BuiltIn">
<doc>Pauses the test executed for the given time.</doc>
<arguments>
<arg>2</arg>
</arguments>
<msg timestamp="20201203 14:16:08.981" level="INFO">Slept 2 seconds</msg>
<status status="PASS" starttime="20201203 14:16:06.980" endtime="20201203 14:16:08.981"></status>
</kw>
<kw name="[Common] - Click element" library="web_common">
<arguments>
<arg>${btn_dismiss}</arg>
</arguments>
<kw name="Wait Until Keyword Succeeds" library="BuiltIn">
<doc>Runs the specified keyword and retries if it fails.</doc>
<arguments>
<arg>5s</arg>
<arg>1s</arg>
<arg>Wait Until Element Is Visible</arg>
<arg>${element_loc}</arg>
<arg>timeout=10s</arg>
<arg>error=Could not find ${element_loc} element.</arg>
</arguments>
<kw name="Wait Until Element Is Visible" library="SeleniumLibrary">
<doc>Waits until the element ``locator`` is visible.</doc>
<arguments>
<arg>${element_loc}</arg>
<arg>timeout=10s</arg>
<arg>error=Could not find ${element_loc} element.</arg>
</arguments>
<status status="PASS" starttime="20201203 14:16:08.981" endtime="20201203 14:16:09.004"></status>
</kw>
<status status="PASS" starttime="20201203 14:16:08.981" endtime="20201203 14:16:09.004"></status>
</kw>
<kw name="Click Element" library="SeleniumLibrary">
<doc>Click the element identified by ``locator``.</doc>
<arguments>
<arg>${element_loc}</arg>
</arguments>
<msg timestamp="20201203 14:16:09.004" level="INFO">Clicking element '//i[@title='Dismiss']'.</msg>
<status status="PASS" starttime="20201203 14:16:09.004" endtime="20201203 14:16:09.047"></status>
</kw>
<status status="PASS" starttime="20201203 14:16:08.981" endtime="20201203 14:16:09.047"></status>
</kw>
<kw name="Sleep" library="BuiltIn">
<doc>Pauses the test executed for the given time.</doc>
<arguments>
<arg>2</arg>
</arguments>
<msg timestamp="20201203 14:16:11.049" level="INFO">Slept 2 seconds</msg>
<status status="PASS" starttime="20201203 14:16:09.048" endtime="20201203 14:16:11.049"></status>
</kw>
<status status="PASS" starttime="20201203 14:15:48.204" endtime="20201203 14:16:11.049"></status>
</kw>
<kw name="[Keyword] - Display website in resolution 800x700" library="keyword_header">
<kw name="[Common] - Resize windows to ignore responsive display" library="web_common">
<kw name="Set Window Size" library="SeleniumLibrary">
<doc>Sets current windows size to given ``width`` and ``height``.</doc>
<arguments>
<arg>800</arg>
<arg>700</arg>
</arguments>
<status status="PASS" starttime="20201203 14:16:11.052" endtime="20201203 14:16:11.185"></status>
</kw>
<status status="PASS" starttime="20201203 14:16:11.051" endtime="20201203 14:16:11.185"></status>
</kw>
<kw name="Sleep" library="BuiltIn">
<doc>Pauses the test executed for the given time.</doc>
<arguments>
<arg>2</arg>
</arguments>
<msg timestamp="20201203 14:16:13.188" level="INFO">Slept 2 seconds</msg>
<status status="PASS" starttime="20201203 14:16:11.185" endtime="20201203 14:16:13.188"></status>
</kw>
<kw name="[Common] - Click element" library="web_common">
<arguments>
<arg>${btn_menu}</arg>
</arguments>
<kw name="Wait Until Keyword Succeeds" library="BuiltIn">
<doc>Runs the specified keyword and retries if it fails.</doc>
<arguments>
<arg>5s</arg>
<arg>1s</arg>
<arg>Wait Until Element Is Visible</arg>
<arg>${element_loc}</arg>
<arg>timeout=10s</arg>
<arg>error=Could not find ${element_loc} element.</arg>
</arguments>
<kw name="Wait Until Element Is Visible" library="SeleniumLibrary">
<doc>Waits until the element ``locator`` is visible.</doc>
<arguments>
<arg>${element_loc}</arg>
<arg>timeout=10s</arg>
<arg>error=Could not find ${element_loc} element.</arg>
</arguments>
<status status="PASS" starttime="20201203 14:16:13.191" endtime="20201203 14:16:13.253"></status>
</kw>
<status status="PASS" starttime="20201203 14:16:13.190" endtime="20201203 14:16:13.254"></status>
</kw>
<kw name="Click Element" library="SeleniumLibrary">
<doc>Click the element identified by ``locator``.</doc>
<arguments>
<arg>${element_loc}</arg>
</arguments>
<msg timestamp="20201203 14:16:13.254" level="INFO">Clicking element '//i[@class='ti-menu']'.</msg>
<status status="PASS" starttime="20201203 14:16:13.254" endtime="20201203 14:16:13.306"></status>
</kw>
<status status="PASS" starttime="20201203 14:16:13.189" endtime="20201203 14:16:13.306"></status>
</kw>
<kw name="Sleep" library="BuiltIn">
<doc>Pauses the test executed for the given time.</doc>
<arguments>
<arg>2</arg>
</arguments>
<msg timestamp="20201203 14:16:15.308" level="INFO">Slept 2 seconds</msg>
<status status="PASS" starttime="20201203 14:16:13.307" endtime="20201203 14:16:15.308"></status>
</kw>
<kw name="[Common] - Verify element has right attribute" library="web_common">
<arguments>
<arg>${btn_menu}</arg>
<arg>ti-menu</arg>
</arguments>
<kw name="Get Element Attribute" library="SeleniumLibrary">
<doc>Returns the value of ``attribute`` from the element ``locator``.</doc>
<arguments>
<arg>${locator}</arg>
<arg>class</arg>
</arguments>
<assign>
<var>${attri_element}</var>
</assign>
<msg timestamp="20201203 14:16:15.320" level="INFO">${attri_element} = ti-menu</msg>
<status status="PASS" starttime="20201203 14:16:15.308" endtime="20201203 14:16:15.320"></status>
</kw>
<kw name="Should Be Equal" library="BuiltIn">
<doc>Fails if the given objects are unequal.</doc>
<arguments>
<arg>${attri_element}</arg>
<arg>${attri_val}</arg>
<arg>Class attribute is not as required</arg>
</arguments>
<status status="PASS" starttime="20201203 14:16:15.320" endtime="20201203 14:16:15.321"></status>
</kw>
<status status="PASS" starttime="20201203 14:16:15.308" endtime="20201203 14:16:15.321"></status>
</kw>
<kw name="Sleep" library="BuiltIn">
<doc>Pauses the test executed for the given time.</doc>
<arguments>
<arg>1</arg>
</arguments>
<msg timestamp="20201203 14:16:16.322" level="INFO">Slept 1 second</msg>
<status status="PASS" starttime="20201203 14:16:15.321" endtime="20201203 14:16:16.322"></status>
</kw>
<kw name="[Common] - Verify page should not contain button" library="web_common">
<arguments>
<arg>${btn_signup}</arg>
</arguments>
<kw name="Element Should Not Be Visible" library="SeleniumLibrary">
<doc>Verifies that the element identified by ``locator`` is NOT visible.</doc>
<arguments>
<arg>${button}</arg>
<arg>messsage=Element is visible</arg>
</arguments>
<msg timestamp="20201203 14:16:16.395" level="INFO">Element '//a[contains(.,'Inscreva-se')]' exists but is not displayed.</msg>
<status status="PASS" starttime="20201203 14:16:16.324" endtime="20201203 14:16:16.395"></status>
</kw>
<status status="PASS" starttime="20201203 14:16:16.323" endtime="20201203 14:16:16.395"></status>
</kw>
<kw name="Sleep" library="BuiltIn">
<doc>Pauses the test executed for the given time.</doc>
<arguments>
<arg>1</arg>
</arguments>
<msg timestamp="20201203 14:16:17.397" level="INFO">Slept 1 second</msg>
<status status="PASS" starttime="20201203 14:16:16.395" endtime="20201203 14:16:17.397"></status>
</kw>
<status status="PASS" starttime="20201203 14:16:11.051" endtime="20201203 14:16:17.398"></status>
</kw>
<kw name="[Keyword] - Close browser" library="keyword_browser" type="teardown">
<kw name="[Common] - Close Browser" library="web_common">
<kw name="Close Browser" library="SeleniumLibrary">
<doc>Closes the current browser.</doc>
<status status="PASS" starttime="20201203 14:16:17.401" endtime="20201203 14:16:19.587"></status>
</kw>
<status status="PASS" starttime="20201203 14:16:17.400" endtime="20201203 14:16:19.587"></status>
</kw>
<status status="PASS" starttime="20201203 14:16:17.399" endtime="20201203 14:16:19.587"></status>
</kw>
<status status="PASS" starttime="20201203 14:15:48.203" endtime="20201203 14:16:19.588" critical="yes"></status>
</test>
<status status="PASS" starttime="20201203 14:15:48.035" endtime="20201203 14:16:19.590"></status>
</suite>
<statistics>
<total>
<stat pass="1" fail="0">Critical Tests</stat>
<stat pass="1" fail="0">All Tests</stat>
</total>
<tag>
</tag>
<suite>
<stat pass="1" fail="0" id="s1" name="Testcase Header">Testcase Header</stat>
</suite>
</statistics>
<errors>
</errors>
</robot>
