<?xml version="1.0" encoding="UTF-8"?>
<robot generator="Robot 3.1.2 (Python 3.8.2 on win32)" generated="20201202 18:02:04.764" rpa="false">
<suite id="s1" name="Testcase Header" source="D:\Automation Testing\Exercise\Git\cicd_local_test\Pixelz_robot\testcase\testcase_header.robot">
<test id="s1-t1" name="PX_00021 - Check when hover over dropdownlistItem [Guias Passo a Passo]">
<kw name="[Keyword] - Open browser and access to homepage" library="keyword_browser" type="setup">
<kw name="[Common] - Open Chrome Browser with mode" library="web_common">
<arguments>
<arg>${url}</arg>
</arguments>
<kw name="Convert To Lowercase" library="String">
<doc>Converts string to lowercase.</doc>
<arguments>
<arg>${browser}</arg>
</arguments>
<assign>
<var>${browser}</var>
</assign>
<msg timestamp="20201202 18:02:04.928" level="INFO">${browser} = chrome</msg>
<status status="PASS" starttime="20201202 18:02:04.928" endtime="20201202 18:02:04.928"></status>
</kw>
<kw name="Convert To Boolean" library="BuiltIn">
<doc>Converts the given item to Boolean true or false.</doc>
<arguments>
<arg>true</arg>
</arguments>
<assign>
<var>${true}</var>
</assign>
<msg timestamp="20201202 18:02:04.929" level="INFO">${true} = True</msg>
<status status="PASS" starttime="20201202 18:02:04.929" endtime="20201202 18:02:04.929"></status>
</kw>
<kw name="Create List" library="BuiltIn">
<doc>Returns a list containing given items.</doc>
<arguments>
<arg>--no-sandbox</arg>
<arg>--headless</arg>
<arg>--ignore-certificate-errors</arg>
<arg>--disable-web-security</arg>
<arg>--disable-impl-side-painting</arg>
<arg>--enable-features=NetworkService,NetworkServiceInProcess</arg>
</arguments>
<assign>
<var>${list_options}</var>
</assign>
<msg timestamp="20201202 18:02:04.929" level="INFO">${list_options} = ['--no-sandbox', '--headless', '--ignore-certificate-errors', '--disable-web-security', '--disable-impl-side-painting', '--enable-features=NetworkService,NetworkServiceInProcess']</msg>
<status status="PASS" starttime="20201202 18:02:04.929" endtime="20201202 18:02:04.929"></status>
</kw>
<kw name="Create Dictionary" library="BuiltIn">
<doc>Creates and returns a dictionary based on the given ``items``.</doc>
<arguments>
<arg>args=${list_options}</arg>
</arguments>
<assign>
<var>${args}</var>
</assign>
<msg timestamp="20201202 18:02:04.929" level="INFO">${args} = {'args': ['--no-sandbox', '--headless', '--ignore-certificate-errors', '--disable-web-security', '--disable-impl-side-painting', '--enable-features=NetworkService,NetworkServiceInProcess']}</msg>
<status status="PASS" starttime="20201202 18:02:04.929" endtime="20201202 18:02:04.929"></status>
</kw>
<kw name="Create Dictionary" library="BuiltIn">
<doc>Creates and returns a dictionary based on the given ``items``.</doc>
<arguments>
<arg>acceptSslCerts=${true}</arg>
<arg>acceptInsecureCerts=${true}</arg>
<arg>ignore-certificate-errors=${true}</arg>
<arg>chromeOptions=${args}</arg>
</arguments>
<assign>
<var>${desired_capabilities}</var>
</assign>
<msg timestamp="20201202 18:02:04.930" level="INFO">${desired_capabilities} = {'acceptSslCerts': True, 'acceptInsecureCerts': True, 'ignore-certificate-errors': True, 'chromeOptions': {'args': ['--no-sandbox', '--headless', '--ignore-certificate-errors', '--disable-web-security...</msg>
<status status="PASS" starttime="20201202 18:02:04.930" endtime="20201202 18:02:04.930"></status>
</kw>
<kw name="Run Keyword If" library="BuiltIn">
<doc>Runs the given keyword with the given arguments, if ``condition`` is true.</doc>
<arguments>
<arg>'${browser}' == 'chrome'</arg>
<arg>Run Keywords</arg>
<arg>Open Browser</arg>
<arg>${url}</arg>
<arg>${browser}</arg>
<arg>AND</arg>
<arg>[Common] - Maximize browser size to fit screen</arg>
<arg>ELSE IF</arg>
<arg>'${browser}' == 'headlesschrome'</arg>
<arg>Run keywords</arg>
<arg>Open Browser</arg>
<arg>${url}</arg>
<arg>${browser}</arg>
<arg>desired_capabilities=${desired_capabilities}</arg>
<arg>AND</arg>
<arg>[Common] - Maximize browser size to fit screen</arg>
<arg>ELSE</arg>
<arg>should be true</arg>
<arg>${FALSE}</arg>
</arguments>
<kw name="Run Keywords" library="BuiltIn">
<doc>Executes all the given keywords in a sequence.</doc>
<arguments>
<arg>Open Browser</arg>
<arg>${url}</arg>
<arg>${browser}</arg>
<arg>AND</arg>
<arg>[Common] - Maximize browser size to fit screen</arg>
</arguments>
<kw name="Open Browser" library="SeleniumLibrary">
<doc>Opens a new browser instance to the optional ``url``.</doc>
<arguments>
<arg>${url}</arg>
<arg>${browser}</arg>
</arguments>
<msg timestamp="20201202 18:02:04.931" level="INFO">Opening browser 'chrome' to base url 'https://www.pixelz.com/'.</msg>
<status status="PASS" starttime="20201202 18:02:04.931" endtime="20201202 18:02:09.100"></status>
</kw>
<kw name="[Common] - Maximize browser size to fit screen" library="web_common">
<kw name="Set Window Position" library="SeleniumLibrary">
<doc>Sets window position using ``x`` and ``y`` coordinates.</doc>
<arguments>
<arg>0</arg>
<arg>0</arg>
</arguments>
<status status="PASS" starttime="20201202 18:02:09.100" endtime="20201202 18:02:11.215"></status>
</kw>
<kw name="Set Window Size" library="SeleniumLibrary">
<doc>Sets current windows size to given ``width`` and ``height``.</doc>
<arguments>
<arg>1920</arg>
<arg>1080</arg>
</arguments>
<status status="PASS" starttime="20201202 18:02:11.215" endtime="20201202 18:02:11.344"></status>
</kw>
<status status="PASS" starttime="20201202 18:02:09.100" endtime="20201202 18:02:11.344"></status>
</kw>
<status status="PASS" starttime="20201202 18:02:04.931" endtime="20201202 18:02:11.344"></status>
</kw>
<status status="PASS" starttime="20201202 18:02:04.930" endtime="20201202 18:02:11.345"></status>
</kw>
<status status="PASS" starttime="20201202 18:02:04.928" endtime="20201202 18:02:11.345"></status>
</kw>
<kw name="Sleep" library="BuiltIn">
<doc>Pauses the test executed for the given time.</doc>
<arguments>
<arg>2</arg>
</arguments>
<msg timestamp="20201202 18:02:13.347" level="INFO">Slept 2 seconds</msg>
<status status="PASS" starttime="20201202 18:02:11.345" endtime="20201202 18:02:13.347"></status>
</kw>
<kw name="Click Element" library="SeleniumLibrary">
<doc>Click the element identified by ``locator``.</doc>
<arguments>
<arg>${accept_cookie}</arg>
</arguments>
<msg timestamp="20201202 18:02:13.347" level="INFO">Clicking element '//a[@id='hs-eu-confirmation-button']'.</msg>
<status status="PASS" starttime="20201202 18:02:13.347" endtime="20201202 18:02:13.413"></status>
</kw>
<kw name="Sleep" library="BuiltIn">
<doc>Pauses the test executed for the given time.</doc>
<arguments>
<arg>2</arg>
</arguments>
<msg timestamp="20201202 18:02:15.415" level="INFO">Slept 2 seconds</msg>
<status status="PASS" starttime="20201202 18:02:13.413" endtime="20201202 18:02:15.415"></status>
</kw>
<kw name="[Common] - Click element" library="web_common">
<arguments>
<arg>${btn_dismiss}</arg>
</arguments>
<kw name="Wait Until Keyword Succeeds" library="BuiltIn">
<doc>Runs the specified keyword and retries if it fails.</doc>
<arguments>
<arg>5s</arg>
<arg>1s</arg>
<arg>Wait Until Element Is Visible</arg>
<arg>${element_loc}</arg>
<arg>timeout=10s</arg>
<arg>error=Could not find ${element_loc} element.</arg>
</arguments>
<kw name="Wait Until Element Is Visible" library="SeleniumLibrary">
<doc>Waits until the element ``locator`` is visible.</doc>
<arguments>
<arg>${element_loc}</arg>
<arg>timeout=10s</arg>
<arg>error=Could not find ${element_loc} element.</arg>
</arguments>
<status status="PASS" starttime="20201202 18:02:15.418" endtime="20201202 18:02:15.494"></status>
</kw>
<status status="PASS" starttime="20201202 18:02:15.417" endtime="20201202 18:02:15.494"></status>
</kw>
<kw name="Click Element" library="SeleniumLibrary">
<doc>Click the element identified by ``locator``.</doc>
<arguments>
<arg>${element_loc}</arg>
</arguments>
<msg timestamp="20201202 18:02:15.495" level="INFO">Clicking element '//i[@title='Dismiss']'.</msg>
<status status="PASS" starttime="20201202 18:02:15.494" endtime="20201202 18:02:15.589"></status>
</kw>
<status status="PASS" starttime="20201202 18:02:15.416" endtime="20201202 18:02:15.589"></status>
</kw>
<kw name="Sleep" library="BuiltIn">
<doc>Pauses the test executed for the given time.</doc>
<arguments>
<arg>2</arg>
</arguments>
<msg timestamp="20201202 18:02:17.591" level="INFO">Slept 2 seconds</msg>
<status status="PASS" starttime="20201202 18:02:15.590" endtime="20201202 18:02:17.591"></status>
</kw>
<kw name="[Common] - Mouse over element" library="web_common">
<arguments>
<arg>${location}</arg>
</arguments>
<kw name="Wait Until Keyword Succeeds" library="BuiltIn">
<doc>Runs the specified keyword and retries if it fails.</doc>
<arguments>
<arg>5s</arg>
<arg>1s</arg>
<arg>Wait Until Element Is Visible</arg>
<arg>${element_loc}</arg>
<arg>timeout=20s</arg>
<arg>error=Could not find ${element_loc} element.</arg>
</arguments>
<kw name="Wait Until Element Is Visible" library="SeleniumLibrary">
<doc>Waits until the element ``locator`` is visible.</doc>
<arguments>
<arg>${element_loc}</arg>
<arg>timeout=20s</arg>
<arg>error=Could not find ${element_loc} element.</arg>
</arguments>
<status status="PASS" starttime="20201202 18:02:17.594" endtime="20201202 18:02:17.683"></status>
</kw>
<status status="PASS" starttime="20201202 18:02:17.593" endtime="20201202 18:02:17.684"></status>
</kw>
<kw name="Mouse Over" library="SeleniumLibrary">
<doc>Simulates hovering the mouse over the element ``locator``.</doc>
<arguments>
<arg>${element_loc}</arg>
</arguments>
<msg timestamp="20201202 18:02:17.684" level="INFO">Simulating Mouse Over on element '//a[contains(.,'Location')]'.</msg>
<status status="PASS" starttime="20201202 18:02:17.684" endtime="20201202 18:02:17.984"></status>
</kw>
<status status="PASS" starttime="20201202 18:02:17.592" endtime="20201202 18:02:17.984"></status>
</kw>
<kw name="Sleep" library="BuiltIn">
<doc>Pauses the test executed for the given time.</doc>
<arguments>
<arg>2</arg>
</arguments>
<msg timestamp="20201202 18:02:19.986" level="INFO">Slept 2 seconds</msg>
<status status="PASS" starttime="20201202 18:02:17.984" endtime="20201202 18:02:19.986"></status>
</kw>
<kw name="[Common] - Click element" library="web_common">
<arguments>
<arg>${location_brasil}</arg>
</arguments>
<kw name="Wait Until Keyword Succeeds" library="BuiltIn">
<doc>Runs the specified keyword and retries if it fails.</doc>
<arguments>
<arg>5s</arg>
<arg>1s</arg>
<arg>Wait Until Element Is Visible</arg>
<arg>${element_loc}</arg>
<arg>timeout=10s</arg>
<arg>error=Could not find ${element_loc} element.</arg>
</arguments>
<kw name="Wait Until Element Is Visible" library="SeleniumLibrary">
<doc>Waits until the element ``locator`` is visible.</doc>
<arguments>
<arg>${element_loc}</arg>
<arg>timeout=10s</arg>
<arg>error=Could not find ${element_loc} element.</arg>
</arguments>
<status status="PASS" starttime="20201202 18:02:19.989" endtime="20201202 18:02:20.066"></status>
</kw>
<status status="PASS" starttime="20201202 18:02:19.988" endtime="20201202 18:02:20.066"></status>
</kw>
<kw name="Click Element" library="SeleniumLibrary">
<doc>Click the element identified by ``locator``.</doc>
<arguments>
<arg>${element_loc}</arg>
</arguments>
<msg timestamp="20201202 18:02:20.067" level="INFO">Clicking element '//a[contains(.,'Brasil')]'.</msg>
<status status="PASS" starttime="20201202 18:02:20.066" endtime="20201202 18:02:23.342"></status>
</kw>
<status status="PASS" starttime="20201202 18:02:19.987" endtime="20201202 18:02:23.343"></status>
</kw>
<kw name="Sleep" library="BuiltIn">
<doc>Pauses the test executed for the given time.</doc>
<arguments>
<arg>2</arg>
</arguments>
<msg timestamp="20201202 18:02:25.344" level="INFO">Slept 2 seconds</msg>
<status status="PASS" starttime="20201202 18:02:23.344" endtime="20201202 18:02:25.344"></status>
</kw>
<kw name="[Common] - Click element" library="web_common">
<arguments>
<arg>${btn_dismiss}</arg>
</arguments>
<kw name="Wait Until Keyword Succeeds" library="BuiltIn">
<doc>Runs the specified keyword and retries if it fails.</doc>
<arguments>
<arg>5s</arg>
<arg>1s</arg>
<arg>Wait Until Element Is Visible</arg>
<arg>${element_loc}</arg>
<arg>timeout=10s</arg>
<arg>error=Could not find ${element_loc} element.</arg>
</arguments>
<kw name="Wait Until Element Is Visible" library="SeleniumLibrary">
<doc>Waits until the element ``locator`` is visible.</doc>
<arguments>
<arg>${element_loc}</arg>
<arg>timeout=10s</arg>
<arg>error=Could not find ${element_loc} element.</arg>
</arguments>
<status status="PASS" starttime="20201202 18:02:25.347" endtime="20201202 18:02:25.424"></status>
</kw>
<status status="PASS" starttime="20201202 18:02:25.346" endtime="20201202 18:02:25.425"></status>
</kw>
<kw name="Click Element" library="SeleniumLibrary">
<doc>Click the element identified by ``locator``.</doc>
<arguments>
<arg>${element_loc}</arg>
</arguments>
<msg timestamp="20201202 18:02:25.426" level="INFO">Clicking element '//i[@title='Dismiss']'.</msg>
<status status="PASS" starttime="20201202 18:02:25.425" endtime="20201202 18:02:25.553"></status>
</kw>
<status status="PASS" starttime="20201202 18:02:25.345" endtime="20201202 18:02:25.553"></status>
</kw>
<kw name="Sleep" library="BuiltIn">
<doc>Pauses the test executed for the given time.</doc>
<arguments>
<arg>2</arg>
</arguments>
<msg timestamp="20201202 18:02:27.555" level="INFO">Slept 2 seconds</msg>
<status status="PASS" starttime="20201202 18:02:25.553" endtime="20201202 18:02:27.555"></status>
</kw>
<status status="PASS" starttime="20201202 18:02:04.928" endtime="20201202 18:02:27.556"></status>
</kw>
<kw name="[Keyword] - Hover over dropdownlistItem Guias Passo a Passo" library="keyword_header">
<kw name="[Common] - Mouse over element" library="web_common">
<arguments>
<arg>${dropdownlist_resource}</arg>
</arguments>
<kw name="Wait Until Keyword Succeeds" library="BuiltIn">
<doc>Runs the specified keyword and retries if it fails.</doc>
<arguments>
<arg>5s</arg>
<arg>1s</arg>
<arg>Wait Until Element Is Visible</arg>
<arg>${element_loc}</arg>
<arg>timeout=20s</arg>
<arg>error=Could not find ${element_loc} element.</arg>
</arguments>
<kw name="Wait Until Element Is Visible" library="SeleniumLibrary">
<doc>Waits until the element ``locator`` is visible.</doc>
<arguments>
<arg>${element_loc}</arg>
<arg>timeout=20s</arg>
<arg>error=Could not find ${element_loc} element.</arg>
</arguments>
<status status="PASS" starttime="20201202 18:02:27.560" endtime="20201202 18:02:27.643"></status>
</kw>
<status status="PASS" starttime="20201202 18:02:27.559" endtime="20201202 18:02:27.643"></status>
</kw>
<kw name="Mouse Over" library="SeleniumLibrary">
<doc>Simulates hovering the mouse over the element ``locator``.</doc>
<arguments>
<arg>${element_loc}</arg>
</arguments>
<msg timestamp="20201202 18:02:27.643" level="INFO">Simulating Mouse Over on element '//a[contains(.,'Material')]'.</msg>
<status status="PASS" starttime="20201202 18:02:27.643" endtime="20201202 18:02:27.941"></status>
</kw>
<status status="PASS" starttime="20201202 18:02:27.558" endtime="20201202 18:02:27.941"></status>
</kw>
<kw name="Sleep" library="BuiltIn">
<doc>Pauses the test executed for the given time.</doc>
<arguments>
<arg>2</arg>
</arguments>
<msg timestamp="20201202 18:02:29.944" level="INFO">Slept 2 seconds</msg>
<status status="PASS" starttime="20201202 18:02:27.942" endtime="20201202 18:02:29.944"></status>
</kw>
<kw name="[Common] - Mouse over element" library="web_common">
<arguments>
<arg>${dropdownlistItem_premiumguide}</arg>
</arguments>
<kw name="Wait Until Keyword Succeeds" library="BuiltIn">
<doc>Runs the specified keyword and retries if it fails.</doc>
<arguments>
<arg>5s</arg>
<arg>1s</arg>
<arg>Wait Until Element Is Visible</arg>
<arg>${element_loc}</arg>
<arg>timeout=20s</arg>
<arg>error=Could not find ${element_loc} element.</arg>
</arguments>
<kw name="Wait Until Element Is Visible" library="SeleniumLibrary">
<doc>Waits until the element ``locator`` is visible.</doc>
<arguments>
<arg>${element_loc}</arg>
<arg>timeout=20s</arg>
<arg>error=Could not find ${element_loc} element.</arg>
</arguments>
<status status="PASS" starttime="20201202 18:02:29.947" endtime="20201202 18:02:30.014"></status>
</kw>
<status status="PASS" starttime="20201202 18:02:29.946" endtime="20201202 18:02:30.014"></status>
</kw>
<kw name="Mouse Over" library="SeleniumLibrary">
<doc>Simulates hovering the mouse over the element ``locator``.</doc>
<arguments>
<arg>${element_loc}</arg>
</arguments>
<msg timestamp="20201202 18:02:30.015" level="INFO">Simulating Mouse Over on element '//a[contains(.,'Guias Passo a Passo')]'.</msg>
<status status="PASS" starttime="20201202 18:02:30.014" endtime="20201202 18:02:30.311"></status>
</kw>
<status status="PASS" starttime="20201202 18:02:29.945" endtime="20201202 18:02:30.312"></status>
</kw>
<kw name="Sleep" library="BuiltIn">
<doc>Pauses the test executed for the given time.</doc>
<arguments>
<arg>2</arg>
</arguments>
<msg timestamp="20201202 18:02:32.314" level="INFO">Slept 2 seconds</msg>
<status status="PASS" starttime="20201202 18:02:30.312" endtime="20201202 18:02:32.314"></status>
</kw>
<kw name="[Common] - Verify color of element" library="web_common">
<arguments>
<arg>${dropdownlistItem_premiumguide}</arg>
<arg>color</arg>
<arg>rgba(146, 195, 106, 1)</arg>
</arguments>
<kw name="[Common] - Get CSS Property Value" library="web_common">
<doc>Get the CSS property value of an Element.</doc>
<arguments>
<arg>${locator}</arg>
<arg>${prop_val}</arg>
</arguments>
<assign>
<var>${element_color}</var>
</assign>
<kw name="Get WebElement" library="SeleniumLibrary">
<doc>Returns the first WebElement matching the given ``locator``.</doc>
<arguments>
<arg>${locator}</arg>
</arguments>
<assign>
<var>${css}</var>
</assign>
<msg timestamp="20201202 18:02:32.343" level="INFO">${css} = &lt;selenium.webdriver.remote.webelement.WebElement (session="e2fd6a3dce615d1aa27bb0bea266a057", element="10a7da3b-bd16-413a-b8d5-0f4d28a779b0")&gt;</msg>
<status status="PASS" starttime="20201202 18:02:32.318" endtime="20201202 18:02:32.343"></status>
</kw>
<kw name="Call Method" library="BuiltIn">
<doc>Calls the named method of the given object with the provided arguments.</doc>
<arguments>
<arg>${css}</arg>
<arg>value_of_css_property</arg>
<arg>${attribute name}</arg>
</arguments>
<assign>
<var>${prop_val}</var>
</assign>
<msg timestamp="20201202 18:02:32.367" level="INFO">${prop_val} = rgba(146, 195, 106, 1)</msg>
<status status="PASS" starttime="20201202 18:02:32.344" endtime="20201202 18:02:32.367"></status>
</kw>
<msg timestamp="20201202 18:02:32.368" level="INFO">${element_color} = rgba(146, 195, 106, 1)</msg>
<status status="PASS" starttime="20201202 18:02:32.316" endtime="20201202 18:02:32.368"></status>
</kw>
<kw name="Should Be Equal" library="BuiltIn">
<doc>Fails if the given objects are unequal.</doc>
<arguments>
<arg>${element_color}</arg>
<arg>${color_expect}</arg>
<arg>Color is not as required</arg>
</arguments>
<status status="PASS" starttime="20201202 18:02:32.368" endtime="20201202 18:02:32.369"></status>
</kw>
<status status="PASS" starttime="20201202 18:02:32.315" endtime="20201202 18:02:32.369"></status>
</kw>
<status status="PASS" starttime="20201202 18:02:27.557" endtime="20201202 18:02:32.369"></status>
</kw>
<kw name="[Keyword] - Close browser" library="keyword_browser" type="teardown">
<kw name="[Common] - Close Browser" library="web_common">
<kw name="Close Browser" library="SeleniumLibrary">
<doc>Closes the current browser.</doc>
<status status="PASS" starttime="20201202 18:02:32.372" endtime="20201202 18:02:34.544"></status>
</kw>
<status status="PASS" starttime="20201202 18:02:32.371" endtime="20201202 18:02:34.545"></status>
</kw>
<status status="PASS" starttime="20201202 18:02:32.371" endtime="20201202 18:02:34.545"></status>
</kw>
<status status="PASS" starttime="20201202 18:02:04.927" endtime="20201202 18:02:34.546" critical="yes"></status>
</test>
<status status="PASS" starttime="20201202 18:02:04.765" endtime="20201202 18:02:34.558"></status>
</suite>
<statistics>
<total>
<stat pass="1" fail="0">Critical Tests</stat>
<stat pass="1" fail="0">All Tests</stat>
</total>
<tag>
</tag>
<suite>
<stat pass="1" fail="0" id="s1" name="Testcase Header">Testcase Header</stat>
</suite>
</statistics>
<errors>
</errors>
</robot>
