<?xml version="1.0" encoding="UTF-8"?>
<robot generator="Robot 3.1.1 (Python 3.8.5 on linux)" generated="20201127 10:13:12.216" rpa="false">
<suite id="s1" name="Session 3 TrangPT4" source="/home/giang/Documents/github_test/cicd_local_test/Data/Shapefiles/Landuse/Session_3_TrangPT4.robot">
<test id="s1-t1" name="TC001">
<kw name="[Kw] - Open multiple browser">
<arguments>
<arg>@{url}</arg>
</arguments>
<kw name="${url} IN [ @{url} ]" type="for">
<kw name="${url} = https://www.carters.com/" type="foritem">
<kw name="[Common] - Open Chrome Browser with mode">
<arguments>
<arg>${url}</arg>
</arguments>
<kw name="Run Keyword If" library="BuiltIn">
<doc>Runs the given keyword with the given arguments, if ``condition`` is true.</doc>
<arguments>
<arg>'${browser}' == 'chrome'</arg>
<arg>Run Keywords</arg>
<arg>Open Browser</arg>
<arg>${url}</arg>
<arg>${browser}</arg>
<arg>AND</arg>
<arg>[Common] - Maximize browser size to fit screen</arg>
<arg>ELSE IF</arg>
<arg>'${browser}' == 'headlesschrome'</arg>
<arg>Run keywords</arg>
<arg>[Common] - Open Chrome Headless Browser</arg>
<arg>${url}</arg>
<arg>AND</arg>
<arg>[Common] - Maximize browser size to fit screen</arg>
<arg>ELSE</arg>
<arg>should be true</arg>
<arg>${FALSE}</arg>
</arguments>
<kw name="Run Keywords" library="BuiltIn">
<doc>Executes all the given keywords in a sequence.</doc>
<arguments>
<arg>Open Browser</arg>
<arg>${url}</arg>
<arg>${browser}</arg>
<arg>AND</arg>
<arg>[Common] - Maximize browser size to fit screen</arg>
</arguments>
<kw name="Open Browser" library="SeleniumLibrary">
<doc>Opens a new browser instance to the given ``url``.</doc>
<arguments>
<arg>${url}</arg>
<arg>${browser}</arg>
</arguments>
<msg timestamp="20201127 10:13:12.615" level="INFO">Opening browser 'chrome' to base url 'https://www.carters.com/'.</msg>
<status status="PASS" starttime="20201127 10:13:12.615" endtime="20201127 10:13:16.862"></status>
</kw>
<kw name="[Common] - Maximize browser size to fit screen">
<kw name="Set Window Position" library="SeleniumLibrary">
<doc>Sets window position using ``x`` and ``y`` coordinates.</doc>
<arguments>
<arg>0</arg>
<arg>0</arg>
</arguments>
<status status="PASS" starttime="20201127 10:13:16.862" endtime="20201127 10:13:16.986"></status>
</kw>
<kw name="Set Window Size" library="SeleniumLibrary">
<doc>Sets current windows size to given ``width`` and ``height``.</doc>
<arguments>
<arg>1440</arg>
<arg>900</arg>
</arguments>
<status status="PASS" starttime="20201127 10:13:16.986" endtime="20201127 10:13:17.093"></status>
</kw>
<status status="PASS" starttime="20201127 10:13:16.862" endtime="20201127 10:13:17.093"></status>
</kw>
<status status="PASS" starttime="20201127 10:13:12.615" endtime="20201127 10:13:17.094"></status>
</kw>
<status status="PASS" starttime="20201127 10:13:12.614" endtime="20201127 10:13:17.094"></status>
</kw>
<status status="PASS" starttime="20201127 10:13:12.614" endtime="20201127 10:13:17.094"></status>
</kw>
<kw name="Sleep" library="BuiltIn">
<doc>Pauses the test executed for the given time.</doc>
<arguments>
<arg>3s</arg>
</arguments>
<msg timestamp="20201127 10:13:20.095" level="INFO">Slept 3 seconds</msg>
<status status="PASS" starttime="20201127 10:13:17.094" endtime="20201127 10:13:20.095"></status>
</kw>
<kw name="Close Browser" library="SeleniumLibrary">
<doc>Closes the current browser.</doc>
<status status="PASS" starttime="20201127 10:13:20.095" endtime="20201127 10:13:20.169"></status>
</kw>
<status status="PASS" starttime="20201127 10:13:12.614" endtime="20201127 10:13:20.169"></status>
</kw>
<kw name="${url} = https://www.dantri.com/" type="foritem">
<kw name="[Common] - Open Chrome Browser with mode">
<arguments>
<arg>${url}</arg>
</arguments>
<kw name="Run Keyword If" library="BuiltIn">
<doc>Runs the given keyword with the given arguments, if ``condition`` is true.</doc>
<arguments>
<arg>'${browser}' == 'chrome'</arg>
<arg>Run Keywords</arg>
<arg>Open Browser</arg>
<arg>${url}</arg>
<arg>${browser}</arg>
<arg>AND</arg>
<arg>[Common] - Maximize browser size to fit screen</arg>
<arg>ELSE IF</arg>
<arg>'${browser}' == 'headlesschrome'</arg>
<arg>Run keywords</arg>
<arg>[Common] - Open Chrome Headless Browser</arg>
<arg>${url}</arg>
<arg>AND</arg>
<arg>[Common] - Maximize browser size to fit screen</arg>
<arg>ELSE</arg>
<arg>should be true</arg>
<arg>${FALSE}</arg>
</arguments>
<kw name="Run Keywords" library="BuiltIn">
<doc>Executes all the given keywords in a sequence.</doc>
<arguments>
<arg>Open Browser</arg>
<arg>${url}</arg>
<arg>${browser}</arg>
<arg>AND</arg>
<arg>[Common] - Maximize browser size to fit screen</arg>
</arguments>
<kw name="Open Browser" library="SeleniumLibrary">
<doc>Opens a new browser instance to the given ``url``.</doc>
<arguments>
<arg>${url}</arg>
<arg>${browser}</arg>
</arguments>
<msg timestamp="20201127 10:13:20.171" level="INFO">Opening browser 'chrome' to base url 'https://www.dantri.com/'.</msg>
<status status="PASS" starttime="20201127 10:13:20.171" endtime="20201127 10:13:22.606"></status>
</kw>
<kw name="[Common] - Maximize browser size to fit screen">
<kw name="Set Window Position" library="SeleniumLibrary">
<doc>Sets window position using ``x`` and ``y`` coordinates.</doc>
<arguments>
<arg>0</arg>
<arg>0</arg>
</arguments>
<status status="PASS" starttime="20201127 10:13:22.608" endtime="20201127 10:13:22.716"></status>
</kw>
<kw name="Set Window Size" library="SeleniumLibrary">
<doc>Sets current windows size to given ``width`` and ``height``.</doc>
<arguments>
<arg>1440</arg>
<arg>900</arg>
</arguments>
<status status="PASS" starttime="20201127 10:13:22.717" endtime="20201127 10:13:22.826"></status>
</kw>
<status status="PASS" starttime="20201127 10:13:22.607" endtime="20201127 10:13:22.827"></status>
</kw>
<status status="PASS" starttime="20201127 10:13:20.171" endtime="20201127 10:13:22.827"></status>
</kw>
<status status="PASS" starttime="20201127 10:13:20.170" endtime="20201127 10:13:22.827"></status>
</kw>
<status status="PASS" starttime="20201127 10:13:20.169" endtime="20201127 10:13:22.827"></status>
</kw>
<kw name="Sleep" library="BuiltIn">
<doc>Pauses the test executed for the given time.</doc>
<arguments>
<arg>3s</arg>
</arguments>
<msg timestamp="20201127 10:13:25.828" level="INFO">Slept 3 seconds</msg>
<status status="PASS" starttime="20201127 10:13:22.828" endtime="20201127 10:13:25.828"></status>
</kw>
<kw name="Close Browser" library="SeleniumLibrary">
<doc>Closes the current browser.</doc>
<status status="PASS" starttime="20201127 10:13:25.829" endtime="20201127 10:13:25.889"></status>
</kw>
<status status="PASS" starttime="20201127 10:13:20.169" endtime="20201127 10:13:25.889"></status>
</kw>
<kw name="${url} = https://www.vnexpress.com/" type="foritem">
<kw name="[Common] - Open Chrome Browser with mode">
<arguments>
<arg>${url}</arg>
</arguments>
<kw name="Run Keyword If" library="BuiltIn">
<doc>Runs the given keyword with the given arguments, if ``condition`` is true.</doc>
<arguments>
<arg>'${browser}' == 'chrome'</arg>
<arg>Run Keywords</arg>
<arg>Open Browser</arg>
<arg>${url}</arg>
<arg>${browser}</arg>
<arg>AND</arg>
<arg>[Common] - Maximize browser size to fit screen</arg>
<arg>ELSE IF</arg>
<arg>'${browser}' == 'headlesschrome'</arg>
<arg>Run keywords</arg>
<arg>[Common] - Open Chrome Headless Browser</arg>
<arg>${url}</arg>
<arg>AND</arg>
<arg>[Common] - Maximize browser size to fit screen</arg>
<arg>ELSE</arg>
<arg>should be true</arg>
<arg>${FALSE}</arg>
</arguments>
<kw name="Run Keywords" library="BuiltIn">
<doc>Executes all the given keywords in a sequence.</doc>
<arguments>
<arg>Open Browser</arg>
<arg>${url}</arg>
<arg>${browser}</arg>
<arg>AND</arg>
<arg>[Common] - Maximize browser size to fit screen</arg>
</arguments>
<kw name="Open Browser" library="SeleniumLibrary">
<doc>Opens a new browser instance to the given ``url``.</doc>
<arguments>
<arg>${url}</arg>
<arg>${browser}</arg>
</arguments>
<msg timestamp="20201127 10:13:25.891" level="INFO">Opening browser 'chrome' to base url 'https://www.vnexpress.com/'.</msg>
<status status="PASS" starttime="20201127 10:13:25.890" endtime="20201127 10:13:30.517"></status>
</kw>
<kw name="[Common] - Maximize browser size to fit screen">
<kw name="Set Window Position" library="SeleniumLibrary">
<doc>Sets window position using ``x`` and ``y`` coordinates.</doc>
<arguments>
<arg>0</arg>
<arg>0</arg>
</arguments>
<status status="PASS" starttime="20201127 10:13:30.518" endtime="20201127 10:13:30.624"></status>
</kw>
<kw name="Set Window Size" library="SeleniumLibrary">
<doc>Sets current windows size to given ``width`` and ``height``.</doc>
<arguments>
<arg>1440</arg>
<arg>900</arg>
</arguments>
<status status="PASS" starttime="20201127 10:13:30.624" endtime="20201127 10:13:30.734"></status>
</kw>
<status status="PASS" starttime="20201127 10:13:30.517" endtime="20201127 10:13:30.734"></status>
</kw>
<status status="PASS" starttime="20201127 10:13:25.890" endtime="20201127 10:13:30.734"></status>
</kw>
<status status="PASS" starttime="20201127 10:13:25.889" endtime="20201127 10:13:30.734"></status>
</kw>
<status status="PASS" starttime="20201127 10:13:25.889" endtime="20201127 10:13:30.734"></status>
</kw>
<kw name="Sleep" library="BuiltIn">
<doc>Pauses the test executed for the given time.</doc>
<arguments>
<arg>3s</arg>
</arguments>
<msg timestamp="20201127 10:13:33.735" level="INFO">Slept 3 seconds</msg>
<status status="PASS" starttime="20201127 10:13:30.735" endtime="20201127 10:13:33.736"></status>
</kw>
<kw name="Close Browser" library="SeleniumLibrary">
<doc>Closes the current browser.</doc>
<status status="PASS" starttime="20201127 10:13:33.736" endtime="20201127 10:13:33.799"></status>
</kw>
<status status="PASS" starttime="20201127 10:13:25.889" endtime="20201127 10:13:33.800"></status>
</kw>
<kw name="${url} = https://www.kenh14.vn/" type="foritem">
<kw name="[Common] - Open Chrome Browser with mode">
<arguments>
<arg>${url}</arg>
</arguments>
<kw name="Run Keyword If" library="BuiltIn">
<doc>Runs the given keyword with the given arguments, if ``condition`` is true.</doc>
<arguments>
<arg>'${browser}' == 'chrome'</arg>
<arg>Run Keywords</arg>
<arg>Open Browser</arg>
<arg>${url}</arg>
<arg>${browser}</arg>
<arg>AND</arg>
<arg>[Common] - Maximize browser size to fit screen</arg>
<arg>ELSE IF</arg>
<arg>'${browser}' == 'headlesschrome'</arg>
<arg>Run keywords</arg>
<arg>[Common] - Open Chrome Headless Browser</arg>
<arg>${url}</arg>
<arg>AND</arg>
<arg>[Common] - Maximize browser size to fit screen</arg>
<arg>ELSE</arg>
<arg>should be true</arg>
<arg>${FALSE}</arg>
</arguments>
<kw name="Run Keywords" library="BuiltIn">
<doc>Executes all the given keywords in a sequence.</doc>
<arguments>
<arg>Open Browser</arg>
<arg>${url}</arg>
<arg>${browser}</arg>
<arg>AND</arg>
<arg>[Common] - Maximize browser size to fit screen</arg>
</arguments>
<kw name="Open Browser" library="SeleniumLibrary">
<doc>Opens a new browser instance to the given ``url``.</doc>
<arguments>
<arg>${url}</arg>
<arg>${browser}</arg>
</arguments>
<msg timestamp="20201127 10:13:33.802" level="INFO">Opening browser 'chrome' to base url 'https://www.kenh14.vn/'.</msg>
<status status="PASS" starttime="20201127 10:13:33.802" endtime="20201127 10:13:36.100"></status>
</kw>
<kw name="[Common] - Maximize browser size to fit screen">
<kw name="Set Window Position" library="SeleniumLibrary">
<doc>Sets window position using ``x`` and ``y`` coordinates.</doc>
<arguments>
<arg>0</arg>
<arg>0</arg>
</arguments>
<status status="PASS" starttime="20201127 10:13:36.101" endtime="20201127 10:13:36.549"></status>
</kw>
<kw name="Set Window Size" library="SeleniumLibrary">
<doc>Sets current windows size to given ``width`` and ``height``.</doc>
<arguments>
<arg>1440</arg>
<arg>900</arg>
</arguments>
<status status="PASS" starttime="20201127 10:13:36.549" endtime="20201127 10:13:37.724"></status>
</kw>
<status status="PASS" starttime="20201127 10:13:36.101" endtime="20201127 10:13:37.724"></status>
</kw>
<status status="PASS" starttime="20201127 10:13:33.802" endtime="20201127 10:13:37.725"></status>
</kw>
<status status="PASS" starttime="20201127 10:13:33.801" endtime="20201127 10:13:37.725"></status>
</kw>
<status status="PASS" starttime="20201127 10:13:33.800" endtime="20201127 10:13:37.725"></status>
</kw>
<kw name="Sleep" library="BuiltIn">
<doc>Pauses the test executed for the given time.</doc>
<arguments>
<arg>3s</arg>
</arguments>
<msg timestamp="20201127 10:13:40.726" level="INFO">Slept 3 seconds</msg>
<status status="PASS" starttime="20201127 10:13:37.725" endtime="20201127 10:13:40.726"></status>
</kw>
<kw name="Close Browser" library="SeleniumLibrary">
<doc>Closes the current browser.</doc>
<status status="PASS" starttime="20201127 10:13:40.727" endtime="20201127 10:13:40.791"></status>
</kw>
<status status="PASS" starttime="20201127 10:13:33.800" endtime="20201127 10:13:40.791"></status>
</kw>
<status status="PASS" starttime="20201127 10:13:12.614" endtime="20201127 10:13:40.791"></status>
</kw>
<status status="PASS" starttime="20201127 10:13:12.613" endtime="20201127 10:13:40.791"></status>
</kw>
<status status="PASS" starttime="20201127 10:13:12.613" endtime="20201127 10:13:40.792" critical="yes"></status>
</test>
<doc>At Landuse ==&gt; Select folder Maps</doc>
<status status="PASS" starttime="20201127 10:13:12.217" endtime="20201127 10:13:40.794"></status>
</suite>
<statistics>
<total>
<stat pass="1" fail="0">Critical Tests</stat>
<stat pass="1" fail="0">All Tests</stat>
</total>
<tag>
</tag>
<suite>
<stat pass="1" fail="0" id="s1" name="Session 3 TrangPT4">Session 3 TrangPT4</stat>
</suite>
</statistics>
<errors>
</errors>
</robot>
